 ANSYS
      License feature : explicit_basic
      License type    : Academic Student



       AAAAAA   UU    UU  TTTTTTTT   OOOOOO   DDDDDDD   YY    YY  NN    NN  TM
      AA    AA  UU    UU     TT     OO    OO  DD    DD   YY  YY   NNN   NN
      AA    AA  UU    UU     TT     OO    OO  DD    DD    YYYY    NNNN  NN
      AAAAAAAA  UU    UU     TT     OO    OO  DD    DD     YY     NN NN NN
      AA    AA  UU    UU     TT     OO    OO  DD    DD     YY     NN  NNNN
      AA    AA  UU    UU     TT     OO    OO  DD    DD     YY     NN   NNN
      AA    AA   UUUUUU      TT      OOOOOO   DDDDDDD      YY     NN    NN




           Copyright (C) 2021, ANSYS, Inc.  All rights reserved.
           Unauthorized use, distribution or duplication is prohibited.




 




                                2025 R1
                                   
                 Point Releases and Patches installed:
                                   
                 Ansys Service Pack 2025 R1.1968257428
              Discovery (full install) 2025 R1.1968257428
                   Core WB Files 2025 R1.1968257428
              Ansys Dynamic Reporting 2025 R1.1968257428
              CFX (includes CFD-Post) 2025 R1.1968257428
                      Chemkin 2025 R1.1968257428
                      EnSight 2025 R1.1968257428
                     FENSAP-ICE 2025 R1.1968257428
             Fluent (includes CFD-Post) 2025 R1.1968257428
            Polyflow (includes CFD-Post) 2025 R1.1968257428
              Forte (includes EnSight) 2025 R1.1968257428
                       Rocky 2025 R1.1968257428
                     TurboGrid 2025 R1.1968257428
              ACIS Geometry Interface 2025 R1.1968257428
             AutoCAD Geometry Interface 2025 R1.1968257428
        Catia, Version 4 Geometry Interface 2025 R1.1968257428
        Catia, Version 5 Geometry Interface 2025 R1.1968257428
        Catia, Version 6 Geometry Interface 2025 R1.1968257428
  Creo Elements/Direct Modeling Geometry Interface 2025 R1.1968257428
         Creo Parametric Geometry Interface 2025 R1.1968257428
            Inventor Geometry Interface 2025 R1.1968257428
             JTOpen Geometry Interface 2025 R1.1968257428
               NX Geometry Interface 2025 R1.1968257428
           Parasolid Geometry Interface  2025 R1.1968257428
           Solid Edge Geometry Interface 2025 R1.1968257428
           SOLIDWORKS Geometry Interface 2025 R1.1968257428
                       Speos 2025 R1.1968257428
                     SpaceClaim 2025 R1.1968257428
                     Speos RPC 2025 R1.1968257428
                        Aqwa 2025 R1.1968257428
                      Autodyn 2025 R1.1968257428
              Material Calibration App 2025 R1.1968257428
                Mechanical Products 2025 R1.1968257428
                       Motion 2025 R1.1968257428
                  Academic Student 2025 R1.1968257428




                            Solver :   EXPLICIT
                             Build :   AUTODYN-3D Academic V-2025 R1           
                Model File Version :   2025 R1
                        Build Date :   20241113
                 Current Date/Time :   20250310 20: 7 (-0700GMT)
                          Platform :   64 bit
                              Beta :   FALSE
                   User Subroutine :   FALSE
               MPI Library Version :   Intel(R) MPI Library 2021.11 for Windows* OS





                             IDENT :   admodel                                                                                                                                                                                                                                                         
                             Title :                                           
                       Description :                                                                                                                                                                                                                                                                   
                       Start Cycle :            0
                        Start Time :  0.00000E+00
                         Precision :   Double




   UNITS

                            Length :   millimeter
                              Mass :   milligram 
                              Time :   millisec. 




   SYMMETRY PLANES

             Symmetry plane at X=0 :   No        
                               Y=0 :   No        
                               Z=0 :   No        




   WRAPUP PARAMETERS

                       Cycle Limit :     10000000
                        Time Limit :  1.00000E+03
     Maximum Energy Error Fraction :  1.00000E+00
            Energy Reference Cycle :            0




   MULTIPLE LOADSTEP DEFINITION

     Step    Type             Step End Time   Static Damping   Convergence Tol.  Max. Iterations

        1    Standard         1.0000E+03      0.0000E+00




   LOADSTEP OUTPUT CONTROLS

     Step    Results       Value      Restarts       Value      Trackers      Value

        1    Global          -         Global          -         Global          -     




   LOADCASE DEFINITIONS

     Case  WB-ID        Type   Active  Loadsteps:                Used by:

        1    127    Standard   Step    DOF:  X  Y  Z RX RY RZ    Standard Earth Gravity        
                                  1          v  v  v  v  v  v




   TIME STEP INFORMATION

                 Minimum Time Step :  1.34391E-05
                 Maximum Time Step :  1.00000E+08
                 Initial Time Step :  1.34391E-04
           Time Step Safety Factor :  9.00000E-01
                      Mass scaling :  OFF




   GRAVITATIONAL CONSTANTS

             Global X Gravity :  0.00000E+00
             Global Y Gravity :  0.00000E+00
             Global Z Gravity :  0.00000E+00




   GRAVITATIONAL AND ACCELERATION CONSTANTS - SUM AT START CYCLE

             Total  X Acceleration :  0.00000E+00
             Total  Y Acceleration :  0.00000E+00
             Total  Z Acceleration : -9.80665E-03





 
   DAMPING CONSTANTS

                 Hourglass Damping :  1.00000E-01
                    Static Damping : Per loadstep




   ARTIFICIAL VISCOSITY

               Quadratic Viscosity :  1.00000E+00
                  Linear Viscosity :  2.00000E-01
     Apply Lin.vis. in exp. for HE :  No
     Art. vis. in structured shells:  Yes




   GLOBAL OUTPUT CONTROLS

                    Save Results On  : Time
                    Increments :        5.00000E+01
                    Save Restarts On  : Time
                    Increments :        2.00000E+02
                    Save Trackers On : Cycles
                    Increments :        1.00000E+00




   CUTOFF VALUES

                   Velocity Cutoff :  1.00000E-06
                 Soundspeed Cutoff :  1.00000E-06
                     Radius Cutoff :  1.00000E-03
                  Maximum Velocity :  1.00000E+10
               Maximum Temperature :  1.01000E+20
                    Join Tolerance :  5.00000E-02




   METHOD OF CALCULATING CHARACTERISTIC ZONE DIMENSION

                     Method to Use :  Diagonals




   METHOD OF UPDATING LAG/ALE CELL DENSITIES AND COMPRESSIONS

                     Method to Use :  Automatic




   USER VARIABLES

     Fortran name  User name     Restart  Rezone

     VAR01         VAR.1         N        N
     VAR02         VAR.2         N        N
     VAR03         VAR.3         N        N
     VAR04         VAR.4         N        N
     VAR05         VAR.5         N        N
     VAR06         VAR.6         N        N
     VAR07         VAR.7         N        N
     VAR08         VAR.8         N        N
     VAR09         VAR.9         N        N
     VAR10         VAR.10        N        N
     VAR11         VAR.11        N        N
     VAR12         VAR.12        N        N
     VAR13         VAR.13        N        N
     VAR14         VAR.14        N        N
     VAR15         VAR.15        N        N
     VAR16         VAR.16        N        N
     VAR17         VAR.17        N        N
     VAR18         VAR.18        N        N
     VAR19         VAR.19        N        N
     VAR20         VAR.20        N        N





 
   GLOBAL MATERIAL SETTINGS

      Shell yield converg. accuracy:  High




   MATERIALS



                         MATERIAL NAME: Structural Steel              


                     Equation of State             Linear                                                                          

          Reference density                      (g/cm3   ) 7.85000E+00
          Bulk Modulus                           (kPa     ) 1.66667E+08
          Reference Temperature                  (K       ) 2.95150E+02
          Specific Heat                          (J/kgK   ) 4.34000E+02
          Thermal Conductivity                   (J/mKs   ) 0.00000E+00


                     Strength                      Elastic                                                                         

          Shear Modulus                          (kPa     ) 7.69231E+07


                     Failure                       None                                                                            



                     Erosion                       None                                                                            



                     Material Cutoffs              

          Maximum Expansion                      (none    ) 1.00000E-01
          Minimum Density Factor                 (none    ) 1.00000E-04
          Minimum Density Factor (SPH)           (none    ) 2.00000E-01
          Maximum Density Factor (SPH)           (none    ) 3.00000E+00
          Minimum Soundspeed                     (m/s     ) 1.00000E-06
          Maximum Soundspeed (SPH)               (m/s     ) 1.01000E+20
          Maximum Temperature                    (K       ) 1.01000E+20


           Reference: 
                                                                                                                                                                                                                                                                


           Notes: 
                                                                                                                                                                                                                                                                


                         MATERIAL NAME: Elastic 50A Resin V2          


                     Equation of State             Hyperelastic                                                                    

          Reference density                      (g/cm3   ) 1.01000E+00
          Reference Temperature                  (K       ) 2.95150E+02
          Specific Heat                          (J/kgK   ) 0.00000E+00
          Thermal Conductivity                   (J/mKs   ) 0.00000E+00


                     Strength                      Hyperelastic                                                                    

                  Model                                   : Mooney-Rivilin                        
                  Number of Parameters                    : 2 parameters                          
          C10                                    (kPa     ) 2.01000E-04
          C01                                    (kPa     ) 2.01000E-05
          Comp. Coeff. d                         (/kPa    ) 1.67000E-08


                     Failure                       Principal Strain                                                                

          Principal Tensile Failure Strain       (none    ) 1.60000E+00
          Max. Princ. Strain Difference / 2      (none    ) 3.20000E+00
                  Crack Softening                         : No                                    
                  Stochastic failure                      : No                                    


                     Erosion                       None                                                                            



                     Material Cutoffs              

          Maximum Expansion                      (none    ) 1.00000E-01
          Minimum Density Factor                 (none    ) 1.00000E-04
          Minimum Density Factor (SPH)           (none    ) 2.00000E-01
          Maximum Density Factor (SPH)           (none    ) 3.00000E+00
          Minimum Soundspeed                     (m/s     ) 1.00000E-06
          Maximum Soundspeed (SPH)               (m/s     ) 1.01000E+20
          Maximum Temperature                    (K       ) 1.01000E+20


           Reference: 
                                                                                                                                                                                                                                                                


           Notes: 
                                                                                                                                                                                                                                                                









 
   BOUNDARY CONDITIONS



                     Standard Earth Gravity : Acceleration                                           

                     Associated Loadcase ID :        1

           Acceleration Direction X    :  0.00000E+00
           Acceleration Direction Y    :  0.00000E+00
           Acceleration Direction Z    : -9.80665E-03






                     Point Mass : Point Mass                                                         

                               Mass    :  6.00000E+06
           Mass Moment of Inertia X    :  0.00000E+00
           Mass Moment of Inertia Y    :  0.00000E+00
           Mass Moment of Inertia Z    :  0.00000E+00






                     Fixed Support : General 3D Velocity                                             

                  Constant X velocity  :  0.00000E+00
                  Constant Y velocity  :  0.00000E+00
                  Constant Z velocity  :  0.00000E+00
           Constant ang. vel. about X  :  0.00000E+00
           Constant ang. vel. about Y  :  0.00000E+00
           Constant ang. vel. about Z  :  0.00000E+00









 
     UNSTRUCTURED PARTS

           PART                  NO. ELEMENTS         ELEMENT TYPE   ARTIFICIAL VISC.   HOURGLASS CONTROL     VISCOUS COEFF.   

       1   Component1:1|Body1             608            Hex 8            Yes           AD STANDARD            1.00000E-01
       2   F_Gyroid1 v2|Body1            1680            Hex 8            Yes           AD STANDARD            1.00000E-01
       2   F_Gyroid1 v2|Body1              48            Penta 6          Yes           AD STANDARD            1.00000E-01

           TOTAL NUMBER ELEMENTS:        2336
           TOTAL NUMBER NODES:           3362




     BODY CONTROL SPECIFICATION

            

            

       SOLID PART(S)

           PART                  TET INTEGRATION TYPE         HEX INTEGRATION TYPE         HOURGLASS DAMPING        VISCOUS COEFF.    STIFFNESS COEFF.      PUSO STAB.   

       1  Component1:1|Body1     N/A                                EXACT                  AD STANDARD               1.00000E-01         0.00000E+00        0.00000E+00
       2  F_Gyroid1 v2|Body1     N/A                                EXACT                  AD STANDARD               1.00000E-01         0.00000E+00        0.00000E+00
            

   PART ACTIVATION / DEACTIVATION TIMES

           PART           ACTIVATION   DEACTIVATION
                             TIME          TIME





 
   EDITS

       EDIT FREQUENCY
       EDIT TYPE   HOW DONE          START           END     INCREMENT

       SAVE        by times    0.00000E+00   1.00000E+03   2.00000E+02
       GRIDVAR     Never     
       ENERGYSUM   by times    0.00000E+00   1.00000E+03   2.00000E+02
       CYCSUM      Never     
       HISTORY     by cycles             0      10000000             1
       USER        Never     
       FIELD       Never     

 
   INTERACTIONS

          Using trajectory contact:  Yes
                            Method:  Penalty
                   Sliding Surface:  Discrete
                     Penalty Force:  Harmonic Mass
           Group Contact Treatment:  Lumped
            Shell thickness factor:  0.00000E+00
            Full SPH radius (beta):  No        
                  Search Algorithm:  Cube            
              Retention of Inertia:  Yes       
                  Self-interaction:  Yes       
             Self-interaction Tol.:  2.00000E-01

     Part Name       I-range             J-range             K-range
     Component1:1|Body1                  Active
     F_Gyroid1 v2|Body1                  Active

     No coefficients of friction have been specified

















CYCLE       0, TIME=  0.000E+00                                                                                  ENERGY SUMMARY EDIT
 


ENERGY AND MOMENTUM PARTITIONING BY MATERIALS

                                                         INTERNAL   KINETIC
MATERIAL                                 MASS    VOLUME    ENERGY    ENERGY XMOMENTUM YMOMENTUM ZMOMENTUM

Structural Steel                    5.613E+07 7.150E+06 0.000E+00 0.000E+00 0.000E+00 0.000E+00 0.000E+00
Elastic 50A Resin V2                2.832E+07 2.804E+07 0.000E+00 5.097E+08 0.000E+00 0.000E+00-1.699E+08
---------------------------------------------------------------------------------------------------------
TOTALS                              8.445E+07 3.519E+07 0.000E+00 5.097E+08 0.000E+00 0.000E+00-1.699E+08


ENERGY AND MOMENTUM PARTITIONING BY PARTS

                                                         INTERNAL   KINETIC                               HOURGLASS   CONTACT
PART                                     MASS    VOLUME    ENERGY    ENERGY XMOMENTUM YMOMENTUM ZMOMENTUM    ENERGY    ENERGY

Component1:1|Body1                  5.613E+07 7.150E+06 0.000E+00 0.000E+00 0.000E+00 0.000E+00 0.000E+00 0.000E+00 0.000E+00
F_Gyroid1 v2|Body1                  2.832E+07 2.804E+07 0.000E+00 5.097E+08 0.000E+00 0.000E+00-1.699E+08 0.000E+00 0.000E+00
-----------------------------------------------------------------------------------------------------------------------------
TOTALS                              8.445E+07 3.519E+07 0.000E+00 5.097E+08 0.000E+00 0.000E+00-1.699E+08 0.000E+00 0.000E+00


ENERGY AND MOMENTUM BALANCE

INITIAL ENERGY  5.097E+08, X-MOM  0.000E+00, Y-MOM  0.000E+00, Z-MOM -1.699E+08
EXTERNAL WORK   0.000E+00, X-IMP  0.000E+00, Y-IMP  0.000E+00, Z-IMP  0.000E+00
CONTACT ENERGY  0.000E+00
CURRENT ENERGY  5.097E+08, X-MOM  0.000E+00, Y-MOM  0.000E+00, Z-MOM -1.699E+08
-------------------------------------------------------------------------------
ERROR           0.000E+00         0.000E+00         0.000E+00         0.000E+00

CYCLE  550402, TIME=  2.000E+02                                                                                  ENERGY SUMMARY EDIT
 


ENERGY AND MOMENTUM PARTITIONING BY MATERIALS

                                                         INTERNAL   KINETIC
MATERIAL                                 MASS    VOLUME    ENERGY    ENERGY XMOMENTUM YMOMENTUM ZMOMENTUM

Structural Steel                    5.613E+07 7.150E+06 0.000E+00 0.000E+00 0.000E+00 0.000E+00 0.000E+00
Elastic 50A Resin V2                2.832E+07 2.804E+07 0.000E+00 6.347E+07-1.696E+05-1.760E+05-7.031E+06
---------------------------------------------------------------------------------------------------------
TOTALS                              8.445E+07 3.519E+07 0.000E+00 6.347E+07-1.696E+05-1.760E+05-7.031E+06


ENERGY AND MOMENTUM PARTITIONING BY PARTS

                                                         INTERNAL   KINETIC                               HOURGLASS   CONTACT
PART                                     MASS    VOLUME    ENERGY    ENERGY XMOMENTUM YMOMENTUM ZMOMENTUM    ENERGY    ENERGY

Component1:1|Body1                  5.613E+07 7.150E+06 0.000E+00 0.000E+00 0.000E+00 0.000E+00 0.000E+00 0.000E+00 1.012E+07
F_Gyroid1 v2|Body1                  2.832E+07 2.804E+07 0.000E+00 6.347E+07-1.696E+05-1.760E+05-7.031E+06 4.724E+08-2.598E+07
-----------------------------------------------------------------------------------------------------------------------------
TOTALS                              8.445E+07 3.519E+07 0.000E+00 6.347E+07-1.696E+05-1.760E+05-7.031E+06 4.724E+08-1.586E+07


ENERGY AND MOMENTUM BALANCE

INITIAL ENERGY  5.097E+08, X-MOM  0.000E+00, Y-MOM  0.000E+00, Z-MOM -1.699E+08
EXTERNAL WORK  -4.329E+08, X-IMP -1.696E+05, Y-IMP -1.760E+05, Z-IMP  1.629E+08
CONTACT ENERGY -1.586E+07
CURRENT ENERGY  6.347E+07, X-MOM -1.696E+05, Y-MOM -1.760E+05, Z-MOM -7.031E+06
-------------------------------------------------------------------------------
ERROR           2.563E+06         2.686E-05        -3.965E-05        -6.770E-03

CYCLE  678318, TIME=  4.000E+02                                                                                  ENERGY SUMMARY EDIT
 


ENERGY AND MOMENTUM PARTITIONING BY MATERIALS

                                                         INTERNAL   KINETIC
MATERIAL                                 MASS    VOLUME    ENERGY    ENERGY XMOMENTUM YMOMENTUM ZMOMENTUM

Structural Steel                    5.613E+07 7.150E+06 0.000E+00 0.000E+00 0.000E+00 0.000E+00 0.000E+00
Elastic 50A Resin V2                2.832E+07 2.804E+07 0.000E+00 1.208E+08-1.696E+05-1.760E+05-5.374E+07
---------------------------------------------------------------------------------------------------------
TOTALS                              8.445E+07 3.519E+07 0.000E+00 1.208E+08-1.696E+05-1.760E+05-5.374E+07


ENERGY AND MOMENTUM PARTITIONING BY PARTS

                                                         INTERNAL   KINETIC                               HOURGLASS   CONTACT
PART                                     MASS    VOLUME    ENERGY    ENERGY XMOMENTUM YMOMENTUM ZMOMENTUM    ENERGY    ENERGY

Component1:1|Body1                  5.613E+07 7.150E+06 0.000E+00 0.000E+00 0.000E+00 0.000E+00 0.000E+00 0.000E+00 1.020E+07
F_Gyroid1 v2|Body1                  2.832E+07 2.804E+07 0.000E+00 1.208E+08-1.696E+05-1.760E+05-5.374E+07 4.724E+08-2.707E+07
-----------------------------------------------------------------------------------------------------------------------------
TOTALS                              8.445E+07 3.519E+07 0.000E+00 1.208E+08-1.696E+05-1.760E+05-5.374E+07 4.724E+08-1.687E+07


ENERGY AND MOMENTUM BALANCE

INITIAL ENERGY  5.097E+08, X-MOM  0.000E+00, Y-MOM  0.000E+00, Z-MOM -1.699E+08
EXTERNAL WORK  -3.746E+08, X-IMP -1.696E+05, Y-IMP -1.760E+05, Z-IMP  1.162E+08
CONTACT ENERGY -1.687E+07
CURRENT ENERGY  1.208E+08, X-MOM -1.696E+05, Y-MOM -1.760E+05, Z-MOM -5.374E+07
-------------------------------------------------------------------------------
ERROR           2.564E+06         2.686E-05        -3.965E-05        -4.927E-02

CYCLE  806235, TIME=  6.000E+02                                                                                  ENERGY SUMMARY EDIT
 


ENERGY AND MOMENTUM PARTITIONING BY MATERIALS

                                                         INTERNAL   KINETIC
MATERIAL                                 MASS    VOLUME    ENERGY    ENERGY XMOMENTUM YMOMENTUM ZMOMENTUM

Structural Steel                    5.613E+07 7.150E+06 0.000E+00 0.000E+00 0.000E+00 0.000E+00 0.000E+00
Elastic 50A Resin V2                2.832E+07 2.804E+07 0.000E+00 2.786E+08-1.696E+05-1.760E+05-1.076E+08
---------------------------------------------------------------------------------------------------------
TOTALS                              8.445E+07 3.519E+07 0.000E+00 2.786E+08-1.696E+05-1.760E+05-1.076E+08


ENERGY AND MOMENTUM PARTITIONING BY PARTS

                                                         INTERNAL   KINETIC                               HOURGLASS   CONTACT
PART                                     MASS    VOLUME    ENERGY    ENERGY XMOMENTUM YMOMENTUM ZMOMENTUM    ENERGY    ENERGY

Component1:1|Body1                  5.613E+07 7.150E+06 0.000E+00 0.000E+00 0.000E+00 0.000E+00 0.000E+00 0.000E+00 1.021E+07
F_Gyroid1 v2|Body1                  2.832E+07 2.804E+07 0.000E+00 2.786E+08-1.696E+05-1.760E+05-1.076E+08 4.724E+08-2.719E+07
-----------------------------------------------------------------------------------------------------------------------------
TOTALS                              8.445E+07 3.519E+07 0.000E+00 2.786E+08-1.696E+05-1.760E+05-1.076E+08 4.724E+08-1.698E+07


ENERGY AND MOMENTUM BALANCE

INITIAL ENERGY  5.097E+08, X-MOM  0.000E+00, Y-MOM  0.000E+00, Z-MOM -1.699E+08
EXTERNAL WORK  -2.167E+08, X-IMP -1.696E+05, Y-IMP -1.760E+05, Z-IMP  6.235E+07
CONTACT ENERGY -1.698E+07
CURRENT ENERGY  2.786E+08, X-MOM -1.696E+05, Y-MOM -1.760E+05, Z-MOM -1.076E+08
-------------------------------------------------------------------------------
ERROR           2.564E+06         2.686E-05        -3.965E-05         6.435E-02

CYCLE  934151, TIME=  8.000E+02                                                                                  ENERGY SUMMARY EDIT
 


ENERGY AND MOMENTUM PARTITIONING BY MATERIALS

                                                         INTERNAL   KINETIC
MATERIAL                                 MASS    VOLUME    ENERGY    ENERGY XMOMENTUM YMOMENTUM ZMOMENTUM

Structural Steel                    5.613E+07 7.150E+06 0.000E+00 0.000E+00 0.000E+00 0.000E+00 0.000E+00
Elastic 50A Resin V2                2.832E+07 2.804E+07 0.000E+00 5.434E+08-1.696E+05-1.760E+05-1.625E+08
---------------------------------------------------------------------------------------------------------
TOTALS                              8.445E+07 3.519E+07 0.000E+00 5.434E+08-1.696E+05-1.760E+05-1.625E+08


ENERGY AND MOMENTUM PARTITIONING BY PARTS

                                                         INTERNAL   KINETIC                               HOURGLASS   CONTACT
PART                                     MASS    VOLUME    ENERGY    ENERGY XMOMENTUM YMOMENTUM ZMOMENTUM    ENERGY    ENERGY

Component1:1|Body1                  5.613E+07 7.150E+06 0.000E+00 0.000E+00 0.000E+00 0.000E+00 0.000E+00 0.000E+00 1.021E+07
F_Gyroid1 v2|Body1                  2.832E+07 2.804E+07 0.000E+00 5.434E+08-1.696E+05-1.760E+05-1.625E+08 4.724E+08-2.720E+07
-----------------------------------------------------------------------------------------------------------------------------
TOTALS                              8.445E+07 3.519E+07 0.000E+00 5.434E+08-1.696E+05-1.760E+05-1.625E+08 4.724E+08-1.700E+07


ENERGY AND MOMENTUM BALANCE

INITIAL ENERGY  5.097E+08, X-MOM  0.000E+00, Y-MOM  0.000E+00, Z-MOM -1.699E+08
EXTERNAL WORK   4.811E+07, X-IMP -1.696E+05, Y-IMP -1.760E+05, Z-IMP  7.385E+06
CONTACT ENERGY -1.700E+07
CURRENT ENERGY  5.434E+08, X-MOM -1.696E+05, Y-MOM -1.760E+05, Z-MOM -1.625E+08
-------------------------------------------------------------------------------
ERROR           2.565E+06         2.686E-05        -3.965E-05         7.650E-02

CYCLE 1062068, TIME=  1.000E+03                                                                                  ENERGY SUMMARY EDIT
 


ENERGY AND MOMENTUM PARTITIONING BY MATERIALS

                                                         INTERNAL   KINETIC
MATERIAL                                 MASS    VOLUME    ENERGY    ENERGY XMOMENTUM YMOMENTUM ZMOMENTUM

Structural Steel                    5.613E+07 7.150E+06 0.000E+00 0.000E+00 0.000E+00 0.000E+00 0.000E+00
Elastic 50A Resin V2                2.832E+07 2.804E+07 0.000E+00 9.161E+08-1.696E+05-1.760E+05-2.176E+08
---------------------------------------------------------------------------------------------------------
TOTALS                              8.445E+07 3.519E+07 0.000E+00 9.161E+08-1.696E+05-1.760E+05-2.176E+08


ENERGY AND MOMENTUM PARTITIONING BY PARTS

                                                         INTERNAL   KINETIC                               HOURGLASS   CONTACT
PART                                     MASS    VOLUME    ENERGY    ENERGY XMOMENTUM YMOMENTUM ZMOMENTUM    ENERGY    ENERGY

Component1:1|Body1                  5.613E+07 7.150E+06 0.000E+00 0.000E+00 0.000E+00 0.000E+00 0.000E+00 0.000E+00 1.021E+07
F_Gyroid1 v2|Body1                  2.832E+07 2.804E+07 0.000E+00 9.161E+08-1.696E+05-1.760E+05-2.176E+08 4.724E+08-2.721E+07
-----------------------------------------------------------------------------------------------------------------------------
TOTALS                              8.445E+07 3.519E+07 0.000E+00 9.161E+08-1.696E+05-1.760E+05-2.176E+08 4.724E+08-1.700E+07


ENERGY AND MOMENTUM BALANCE

INITIAL ENERGY  5.097E+08, X-MOM  0.000E+00, Y-MOM  0.000E+00, Z-MOM -1.699E+08
EXTERNAL WORK   4.208E+08, X-IMP -1.696E+05, Y-IMP -1.760E+05, Z-IMP -4.766E+07
CONTACT ENERGY -1.700E+07
CURRENT ENERGY  9.161E+08, X-MOM -1.696E+05, Y-MOM -1.760E+05, Z-MOM -2.176E+08
-------------------------------------------------------------------------------
ERROR           2.565E+06         2.686E-05        -3.965E-05         8.371E-02
 
 
SIMULATION ELAPSED TIME SUMMARY
 
EXECUTION FROM CYCLE        0 TO  1062068
ELAPSED RUN TIME IN SOLVER  =      2.34407E+01 Minutes
ELAPSED RUN TIME IN CONTACT =      6.18142E+00 Minutes
ELAPSED RUN TIME IN EDITS   =      5.82977E+00 Minutes
TOTAL ELAPSED RUN TIME      =      2.92704E+01 Minutes
 
